15:45:28 **** Build of configuration gcc-debug for project queueinglib ****
make MODE=debug CONFIGNAME=gcc-debug all 
MSGC: Job.msg
Allocate.cc
Classifier.cc
Clone.cc
Controller3D.cc
Deallocate.cc
Delay.cc
Fork.cc
Job.cc
JobList.cc
Join.cc
Merge.cc
MSGC: switchingCont.msg
ModuleInfo.cc
ModuleInfo.cc: In member function 'bool queueing::ModuleInfo::validateConflect(int)':
ModuleInfo.cc:252:22: warning: statement has no effect [-Wunused-value]
MSGC: Oframe.msg
MSGC: ParameterCont.msg
MSGC: SyncFrame.msg
MSGC: contFrame.msg
MSGC: releaseOFDL.msg
Ocombiner.cc
Ocontroller.cc
Ocontroller.cc:1469:1: warning: "/*" within comment [-Wcomment]
Ocontroller.cc: In member function 'int queueing::Ocontroller::getNumberFromFile(int, int)':
Ocontroller.cc:116:52: warning: comparison between signed and unsigned integer expressions [-Wsign-compare]
Ocontroller.cc:132:52: warning: comparison between signed and unsigned integer expressions [-Wsign-compare]
Ocontroller.cc:149:52: warning: comparison between signed and unsigned integer expressions [-Wsign-compare]
Ocontroller.cc: In member function 'int queueing::Ocontroller::getSWCFromFile(int, int)':
Ocontroller.cc:182:49: warning: comparison between signed and unsigned integer expressions [-Wsign-compare]
Ocontroller.cc:200:45: warning: comparison between signed and unsigned integer expressions [-Wsign-compare]
Ocontroller.cc:218:49: warning: comparison between signed and unsigned integer expressions [-Wsign-compare]
Ocontroller.cc: In member function 'bool queueing::Ocontroller::allSWCQEmpty()':
Ocontroller.cc:1048:37: warning: unused variable 'contCurrent' [-Wunused-variable]
Ocontroller.cc: In member function 'int queueing::Ocontroller::selectPath(int)':
Ocontroller.cc:1970:10: warning: variable 'pathSwitchingConflect' set but not used [-Wunused-but-set-variable]
Ocontroller.cc: In member function 'void queueing::Ocontroller::insertSWCInOrder(queueing::SwitchingCont*, std::string)':
Ocontroller.cc:2304:10: warning: unused variable 'exit' [-Wunused-variable]
Ocontroller.cc:2305:9: warning: variable 'queueLegnth' set but not used [-Wunused-but-set-variable]
Ocontroller.cc: In member function 'void queueing::Ocontroller::printSWCQueue(std::string)':
Ocontroller.cc:2435:33: warning: statement has no effect [-Wunused-value]
Ocontroller.cc: In member function 'bool queueing::Ocontroller::OFDLStageIsBusy(int, int)':
Ocontroller.cc:2577:1: warning: no return statement in function returning non-void [-Wreturn-type]
Ocontroller.cc: In member function 'queueing::ModuleInfo* queueing::Ocontroller::getModulePointer(int)':
Ocontroller.cc:503:1: warning: control reaches end of non-void function [-Wreturn-type]
Ocontroller.cc: In member function 'int queueing::Ocontroller::getModuleIDByName(std::string)':
Ocontroller.cc:482:1: warning: control reaches end of non-void function [-Wreturn-type]
OFDL.cc
OFDL.cc: In member function 'virtual simtime_t queueing::OFDL::startService(queueing::Oframe*)':
OFDL.cc:245:15: warning: variable 'd' set but not used [-Wunused-but-set-variable]
OFDL.cc: In member function 'virtual void queueing::OFDL::endService(queueing::Oframe*)':
OFDL.cc:256:15: warning: variable 'd' set but not used [-Wunused-but-set-variable]
Osink.cc
Osource.cc
Osplitter.cc
Oswitch.cc
PassiveQueue.cc
Queue.cc
ResourceBasedQueue.cc
ResourcePool.cc
Router.cc
SelectionStrategies.cc
Server.cc
Sink.cc
Source.cc
Source3D.cc
switch3D.cc
switch3D.cc: In member function 'bool queueing::Switch3D::getModuleBusyStateTo(std::string)':
switch3D.cc:313:9: warning: no return statement in function returning non-void [-Wreturn-type]
contFrame_m.cc
Job_m.cc
Oframe_m.cc
ParameterCont_m.cc
releaseOFDL_m.cc
switchingCont_m.cc
SyncFrame_m.cc
Creating shared library: out/gcc-debug//libqueueinglib.dll

15:46:06 Build Finished (took 38s.200ms)

